<?xml version="1.0" encoding="UTF-8"?>
<testng-results ignored="0" total="2" passed="2" failed="0" skipped="0">
  <reporter-output>
  </reporter-output>
  <suite started-at="2024-03-25T18:02:57 IST" name="Default suite" finished-at="2024-03-25T18:03:24 IST" duration-ms="26834">
    <groups>
      <group name="cucumber">
        <method signature="AbstractTestNGCucumberTests.runScenario(io.cucumber.testng.PickleWrapper,io.cucumber.testng.FeatureWrapper)[pri:0, instance:TestRunners.TestRunner@169bb4dd]" name="runScenario" class="io.cucumber.testng.AbstractTestNGCucumberTests"/>
      </group> <!-- cucumber -->
    </groups>
    <test started-at="2024-03-25T18:02:57 IST" name="Default test" finished-at="2024-03-25T18:03:24 IST" duration-ms="26834">
      <class name="TestRunners.TestRunner">
        <test-method is-config="true" signature="setUpClass(org.testng.ITestContext)[pri:0, instance:TestRunners.TestRunner@169bb4dd]" started-at="2024-03-25T18:02:57 IST" name="setUpClass" finished-at="2024-03-25T18:02:59 IST" duration-ms="2173" status="PASS">
          <params>
            <param index="0">
              <value>
                <![CDATA[org.testng.TestRunner@53f0d09c]]>
              </value>
            </param>
          </params>
          <reporter-output>
          </reporter-output>
        </test-method> <!-- setUpClass -->
        <test-method signature="runScenario(io.cucumber.testng.PickleWrapper,io.cucumber.testng.FeatureWrapper)[pri:0, instance:TestRunners.TestRunner@169bb4dd]" started-at="2024-03-25T18:02:59 IST" name="runScenario" description="Runs Cucumber Scenarios" data-provider="scenarios" finished-at="2024-03-25T18:03:18 IST" duration-ms="18632" status="PASS">
          <params>
            <param index="0">
              <value>
                <![CDATA["Verify FileUpload Page"]]>
              </value>
            </param>
            <param index="1">
              <value>
                <![CDATA["HomePage Feature"]]>
              </value>
            </param>
          </params>
          <reporter-output>
          </reporter-output>
        </test-method> <!-- runScenario -->
        <test-method signature="runScenario(io.cucumber.testng.PickleWrapper,io.cucumber.testng.FeatureWrapper)[pri:0, instance:TestRunners.TestRunner@169bb4dd]" started-at="2024-03-25T18:02:59 IST" name="runScenario" description="Runs Cucumber Scenarios" data-provider="scenarios" finished-at="2024-03-25T18:03:18 IST" duration-ms="18660" status="PASS">
          <params>
            <param index="0">
              <value>
                <![CDATA["Verify PopUps Page"]]>
              </value>
            </param>
            <param index="1">
              <value>
                <![CDATA["HomePage Feature"]]>
              </value>
            </param>
          </params>
          <reporter-output>
          </reporter-output>
        </test-method> <!-- runScenario -->
        <test-method is-config="true" signature="tearDownClass()[pri:0, instance:TestRunners.TestRunner@169bb4dd]" started-at="2024-03-25T18:03:18 IST" name="tearDownClass" finished-at="2024-03-25T18:03:23 IST" duration-ms="5884" status="PASS">
          <reporter-output>
          </reporter-output>
        </test-method> <!-- tearDownClass -->
      </class> <!-- TestRunners.TestRunner -->
    </test> <!-- Default test -->
  </suite> <!-- Default suite -->
</testng-results>
